<?xml version="1.0" encoding="UTF-8"?>
<!-- Generated by org.testng.reporters.JUnitXMLReporter -->
<testsuite hostname="LKCONSPATHIRA02" ignored="0" name="Default test" tests="3" failures="0" timestamp="2020-05-23T12:31:14 IST" time="27.971" errors="0">
  <testcase name="Test1" time="1.937" classname="com.automation.cicd.TestClass"/>
  <testcase name="Test2" time="1.965" classname="com.automation.cicd.TestClass"/>
  <testcase name="Test3" time="1.967" classname="com.automation.cicd.TestClass"/>
</testsuite> <!-- Default test -->
