<?xml version="1.0" encoding="UTF-8"?>
<!-- Generated by org.testng.reporters.JUnitXMLReporter -->
<testsuite hostname="LKCONSPATHIRA02" ignored="0" name="Test" tests="3" failures="0" timestamp="2020-05-23T12:33:35 IST" time="26.029" errors="0">
  <testcase name="Test1" time="1.778" classname="com.automation.cicd.TestClass"/>
  <testcase name="Test2" time="1.727" classname="com.automation.cicd.TestClass"/>
  <testcase name="Test3" time="1.758" classname="com.automation.cicd.TestClass"/>
</testsuite> <!-- Test -->
