<?xml version="1.0" encoding="UTF-8"?>
<testsuite xmlns:xsi="http://www.w3.org/2001/XMLSchema-instance" xsi:noNamespaceSchemaLocation="https://maven.apache.org/surefire/maven-surefire-plugin/xsd/surefire-test-report.xsd" name="TestSuite" time="29.077" tests="3" errors="0" skipped="0" failures="0">
  <properties>
[...]
</properties>
  <testcase name="Test1" classname="com.automation.cicd.TestClass" time="1.785"/>
  <testcase name="Test2" classname="com.automation.cicd.TestClass" time="1.727"/>
  <testcase name="Test3" classname="com.automation.cicd.TestClass" time="1.76"/>
</testsuite>