<?xml version="1.0" encoding="UTF-8"?>
<testng-results skipped="0" failed="0" ignored="0" total="3" passed="3">
  <reporter-output>
  </reporter-output>
  <suite name="Default suite" duration-ms="27971" started-at="2020-05-23T12:30:46 IST" finished-at="2020-05-23T12:31:14 IST">
    <groups>
    </groups>
    <test name="Default test" duration-ms="27971" started-at="2020-05-23T12:30:46 IST" finished-at="2020-05-23T12:31:14 IST">
      <class name="com.automation.cicd.TestClass">
        <test-method status="PASS" signature="launchDriver()[pri:0, instance:com.automation.cicd.TestClass@4e7dc304]" name="launchDriver" is-config="true" duration-ms="7605" started-at="2020-05-23T12:30:46 IST" finished-at="2020-05-23T12:30:54 IST">
          <reporter-output>
          </reporter-output>
        </test-method> <!-- launchDriver -->
        <test-method status="PASS" signature="Test1()[pri:0, instance:com.automation.cicd.TestClass@4e7dc304]" name="Test1" duration-ms="1937" started-at="2020-05-23T12:30:54 IST" finished-at="2020-05-23T12:30:56 IST">
          <reporter-output>
          </reporter-output>
        </test-method> <!-- Test1 -->
        <test-method status="PASS" signature="quit(org.testng.ITestResult)[pri:0, instance:com.automation.cicd.TestClass@4e7dc304]" name="quit" is-config="true" duration-ms="1296" started-at="2020-05-23T12:30:56 IST" finished-at="2020-05-23T12:30:57 IST">
          <params>
            <param index="0">
              <value>
                <![CDATA[[TestResult name=Test1 status=SUCCESS method=TestClass.Test1()[pri:0, instance:com.automation.cicd.TestClass@4e7dc304] output={null}]]]>
              </value>
            </param>
          </params>
          <reporter-output>
          </reporter-output>
        </test-method> <!-- quit -->
        <test-method status="PASS" signature="launchDriver()[pri:0, instance:com.automation.cicd.TestClass@4e7dc304]" name="launchDriver" is-config="true" duration-ms="4843" started-at="2020-05-23T12:30:57 IST" finished-at="2020-05-23T12:31:02 IST">
          <reporter-output>
          </reporter-output>
        </test-method> <!-- launchDriver -->
        <test-method status="PASS" signature="Test2()[pri:0, instance:com.automation.cicd.TestClass@4e7dc304]" name="Test2" duration-ms="1965" started-at="2020-05-23T12:31:02 IST" finished-at="2020-05-23T12:31:04 IST">
          <reporter-output>
          </reporter-output>
        </test-method> <!-- Test2 -->
        <test-method status="PASS" signature="quit(org.testng.ITestResult)[pri:0, instance:com.automation.cicd.TestClass@4e7dc304]" name="quit" is-config="true" duration-ms="1202" started-at="2020-05-23T12:31:04 IST" finished-at="2020-05-23T12:31:05 IST">
          <params>
            <param index="0">
              <value>
                <![CDATA[[TestResult name=Test2 status=SUCCESS method=TestClass.Test2()[pri:0, instance:com.automation.cicd.TestClass@4e7dc304] output={null}]]]>
              </value>
            </param>
          </params>
          <reporter-output>
          </reporter-output>
        </test-method> <!-- quit -->
        <test-method status="PASS" signature="launchDriver()[pri:0, instance:com.automation.cicd.TestClass@4e7dc304]" name="launchDriver" is-config="true" duration-ms="4720" started-at="2020-05-23T12:31:05 IST" finished-at="2020-05-23T12:31:10 IST">
          <reporter-output>
          </reporter-output>
        </test-method> <!-- launchDriver -->
        <test-method status="PASS" signature="Test3()[pri:0, instance:com.automation.cicd.TestClass@4e7dc304]" name="Test3" duration-ms="1967" started-at="2020-05-23T12:31:10 IST" finished-at="2020-05-23T12:31:12 IST">
          <reporter-output>
          </reporter-output>
        </test-method> <!-- Test3 -->
        <test-method status="PASS" signature="quit(org.testng.ITestResult)[pri:0, instance:com.automation.cicd.TestClass@4e7dc304]" name="quit" is-config="true" duration-ms="2361" started-at="2020-05-23T12:31:12 IST" finished-at="2020-05-23T12:31:14 IST">
          <params>
            <param index="0">
              <value>
                <![CDATA[[TestResult name=Test3 status=SUCCESS method=TestClass.Test3()[pri:0, instance:com.automation.cicd.TestClass@4e7dc304] output={null}]]]>
              </value>
            </param>
          </params>
          <reporter-output>
          </reporter-output>
        </test-method> <!-- quit -->
      </class> <!-- com.automation.cicd.TestClass -->
    </test> <!-- Default test -->
  </suite> <!-- Default suite -->
</testng-results>
